<?xml version="1.0" encoding="UTF-8"?>
<testsuite xmlns:xsi="http://www.w3.org/2001/XMLSchema-instance" xsi:noNamespaceSchemaLocation="https://maven.apache.org/surefire/maven-surefire-plugin/xsd/surefire-test-report.xsd" name="io.netty.util.internal.TypeParameterMatcherTest" time="0" tests="9" errors="0" skipped="0" failures="0">
  <properties>
    <property name="sun.desktop" value="windows"/>
    <property name="awt.toolkit" value="sun.awt.windows.WToolkit"/>
    <property name="file.encoding.pkg" value="sun.io"/>
    <property name="java.specification.version" value="1.8"/>
    <property name="sun.cpu.isalist" value="amd64"/>
    <property name="sun.jnu.encoding" value="GBK"/>
    <property name="java.class.path" value="E:\Z_relax\netty-research\common\target\test-classes;E:\Z_relax\netty-research\common\target\classes;C:\Users\win\.m2\repository\org\graalvm\nativeimage\svm\19.3.6\svm-19.3.6.jar;C:\Users\win\.m2\repository\org\graalvm\sdk\graal-sdk\19.3.6\graal-sdk-19.3.6.jar;C:\Users\win\.m2\repository\org\graalvm\nativeimage\objectfile\19.3.6\objectfile-19.3.6.jar;C:\Users\win\.m2\repository\org\graalvm\nativeimage\pointsto\19.3.6\pointsto-19.3.6.jar;C:\Users\win\.m2\repository\org\graalvm\truffle\truffle-nfi\19.3.6\truffle-nfi-19.3.6.jar;C:\Users\win\.m2\repository\org\graalvm\truffle\truffle-api\19.3.6\truffle-api-19.3.6.jar;C:\Users\win\.m2\repository\org\graalvm\compiler\compiler\19.3.6\compiler-19.3.6.jar;C:\Users\win\.m2\repository\org\jctools\jctools-core\3.1.0\jctools-core-3.1.0.jar;C:\Users\win\.m2\repository\org\jetbrains\annotations-java5\23.0.0\annotations-java5-23.0.0.jar;C:\Users\win\.m2\repository\org\slf4j\slf4j-api\1.7.30\slf4j-api-1.7.30.jar;C:\Users\win\.m2\repository\commons-logging\commons-logging\1.2\commons-logging-1.2.jar;C:\Users\win\.m2\repository\org\apache\logging\log4j\log4j-1.2-api\2.17.2\log4j-1.2-api-2.17.2.jar;C:\Users\win\.m2\repository\org\apache\logging\log4j\log4j-api\2.17.2\log4j-api-2.17.2.jar;C:\Users\win\.m2\repository\org\apache\logging\log4j\log4j-core\2.17.2\log4j-core-2.17.2.jar;C:\Users\win\.m2\repository\io\projectreactor\tools\blockhound\1.0.6.RELEASE\blockhound-1.0.6.RELEASE.jar;C:\Users\win\.m2\repository\org\mockito\mockito-core\2.18.3\mockito-core-2.18.3.jar;C:\Users\win\.m2\repository\net\bytebuddy\byte-buddy\1.8.5\byte-buddy-1.8.5.jar;C:\Users\win\.m2\repository\net\bytebuddy\byte-buddy-agent\1.8.5\byte-buddy-agent-1.8.5.jar;C:\Users\win\.m2\repository\org\objenesis\objenesis\2.6\objenesis-2.6.jar;C:\Users\win\.m2\repository\io\netty\netty-dev-tools\4.1.79.Final-SNAPSHOT\netty-dev-tools-4.1.79.Final-SNAPSHOT.jar;C:\Users\win\.m2\repository\org\junit\jupiter\junit-jupiter-api\5.7.0\junit-jupiter-api-5.7.0.jar;C:\Users\win\.m2\repository\org\apiguardian\apiguardian-api\1.1.0\apiguardian-api-1.1.0.jar;C:\Users\win\.m2\repository\org\opentest4j\opentest4j\1.2.0\opentest4j-1.2.0.jar;C:\Users\win\.m2\repository\org\junit\platform\junit-platform-commons\1.7.0\junit-platform-commons-1.7.0.jar;C:\Users\win\.m2\repository\org\junit\jupiter\junit-jupiter-engine\5.7.0\junit-jupiter-engine-5.7.0.jar;C:\Users\win\.m2\repository\org\junit\platform\junit-platform-engine\1.7.0\junit-platform-engine-1.7.0.jar;C:\Users\win\.m2\repository\org\junit\jupiter\junit-jupiter-params\5.7.0\junit-jupiter-params-5.7.0.jar;C:\Users\win\.m2\repository\io\netty\netty-build-common\30\netty-build-common-30.jar;C:\Users\win\.m2\repository\com\puppycrawl\tools\checkstyle\8.29\checkstyle-8.29.jar;C:\Users\win\.m2\repository\info\picocli\picocli\4.1.4\picocli-4.1.4.jar;C:\Users\win\.m2\repository\antlr\antlr\2.7.7\antlr-2.7.7.jar;C:\Users\win\.m2\repository\org\antlr\antlr4-runtime\4.8-1\antlr4-runtime-4.8-1.jar;C:\Users\win\.m2\repository\commons-beanutils\commons-beanutils\1.9.4\commons-beanutils-1.9.4.jar;C:\Users\win\.m2\repository\commons-collections\commons-collections\3.2.2\commons-collections-3.2.2.jar;C:\Users\win\.m2\repository\com\google\guava\guava\28.2-jre\guava-28.2-jre.jar;C:\Users\win\.m2\repository\com\google\guava\failureaccess\1.0.1\failureaccess-1.0.1.jar;C:\Users\win\.m2\repository\com\google\guava\listenablefuture\9999.0-empty-to-avoid-conflict-with-guava\listenablefuture-9999.0-empty-to-avoid-conflict-with-guava.jar;C:\Users\win\.m2\repository\com\google\code\findbugs\jsr305\3.0.2\jsr305-3.0.2.jar;C:\Users\win\.m2\repository\org\checkerframework\checker-qual\2.10.0\checker-qual-2.10.0.jar;C:\Users\win\.m2\repository\com\google\errorprone\error_prone_annotations\2.3.4\error_prone_annotations-2.3.4.jar;C:\Users\win\.m2\repository\com\google\j2objc\j2objc-annotations\1.3\j2objc-annotations-1.3.jar;C:\Users\win\.m2\repository\net\sf\saxon\Saxon-HE\9.9.1-6\Saxon-HE-9.9.1-6.jar;C:\Users\win\.m2\repository\junit\junit\4.13.1\junit-4.13.1.jar;C:\Users\win\.m2\repository\org\hamcrest\hamcrest-library\1.3\hamcrest-library-1.3.jar;C:\Users\win\.m2\repository\org\hamcrest\hamcrest-core\1.3\hamcrest-core-1.3.jar;C:\Users\win\.m2\repository\org\assertj\assertj-core\3.18.0\assertj-core-3.18.0.jar;C:\Users\win\.m2\repository\ch\qos\logback\logback-classic\1.2.3\logback-classic-1.2.3.jar;C:\Users\win\.m2\repository\ch\qos\logback\logback-core\1.2.3\logback-core-1.2.3.jar;"/>
    <property name="java.vm.vendor" value="Oracle Corporation"/>
    <property name="sun.arch.data.model" value="64"/>
    <property name="user.variant" value=""/>
    <property name="java.vendor.url" value="http://java.oracle.com/"/>
    <property name="user.timezone" value="Asia/Shanghai"/>
    <property name="java.vm.specification.version" value="1.8"/>
    <property name="os.name" value="Windows 10"/>
    <property name="user.country" value="CN"/>
    <property name="sun.java.launcher" value="SUN_STANDARD"/>
    <property name="sun.boot.library.path" value="C:\Java\jdk1.8.0_311\jre\bin"/>
    <property name="sun.java.command" value="C:\Users\win\AppData\Local\Temp\surefire5287027818455114394\surefirebooter3078965617388962236.jar C:\Users\win\AppData\Local\Temp\surefire5287027818455114394 2022-07-12T00-59-27_074-jvmRun1 surefire8846148482736807715tmp surefire_04022956781359949609tmp"/>
    <property name="surefire.test.class.path" value="E:\Z_relax\netty-research\common\target\test-classes;E:\Z_relax\netty-research\common\target\classes;C:\Users\win\.m2\repository\org\graalvm\nativeimage\svm\19.3.6\svm-19.3.6.jar;C:\Users\win\.m2\repository\org\graalvm\sdk\graal-sdk\19.3.6\graal-sdk-19.3.6.jar;C:\Users\win\.m2\repository\org\graalvm\nativeimage\objectfile\19.3.6\objectfile-19.3.6.jar;C:\Users\win\.m2\repository\org\graalvm\nativeimage\pointsto\19.3.6\pointsto-19.3.6.jar;C:\Users\win\.m2\repository\org\graalvm\truffle\truffle-nfi\19.3.6\truffle-nfi-19.3.6.jar;C:\Users\win\.m2\repository\org\graalvm\truffle\truffle-api\19.3.6\truffle-api-19.3.6.jar;C:\Users\win\.m2\repository\org\graalvm\compiler\compiler\19.3.6\compiler-19.3.6.jar;C:\Users\win\.m2\repository\org\jctools\jctools-core\3.1.0\jctools-core-3.1.0.jar;C:\Users\win\.m2\repository\org\jetbrains\annotations-java5\23.0.0\annotations-java5-23.0.0.jar;C:\Users\win\.m2\repository\org\slf4j\slf4j-api\1.7.30\slf4j-api-1.7.30.jar;C:\Users\win\.m2\repository\commons-logging\commons-logging\1.2\commons-logging-1.2.jar;C:\Users\win\.m2\repository\org\apache\logging\log4j\log4j-1.2-api\2.17.2\log4j-1.2-api-2.17.2.jar;C:\Users\win\.m2\repository\org\apache\logging\log4j\log4j-api\2.17.2\log4j-api-2.17.2.jar;C:\Users\win\.m2\repository\org\apache\logging\log4j\log4j-core\2.17.2\log4j-core-2.17.2.jar;C:\Users\win\.m2\repository\io\projectreactor\tools\blockhound\1.0.6.RELEASE\blockhound-1.0.6.RELEASE.jar;C:\Users\win\.m2\repository\org\mockito\mockito-core\2.18.3\mockito-core-2.18.3.jar;C:\Users\win\.m2\repository\net\bytebuddy\byte-buddy\1.8.5\byte-buddy-1.8.5.jar;C:\Users\win\.m2\repository\net\bytebuddy\byte-buddy-agent\1.8.5\byte-buddy-agent-1.8.5.jar;C:\Users\win\.m2\repository\org\objenesis\objenesis\2.6\objenesis-2.6.jar;C:\Users\win\.m2\repository\io\netty\netty-dev-tools\4.1.79.Final-SNAPSHOT\netty-dev-tools-4.1.79.Final-SNAPSHOT.jar;C:\Users\win\.m2\repository\org\junit\jupiter\junit-jupiter-api\5.7.0\junit-jupiter-api-5.7.0.jar;C:\Users\win\.m2\repository\org\apiguardian\apiguardian-api\1.1.0\apiguardian-api-1.1.0.jar;C:\Users\win\.m2\repository\org\opentest4j\opentest4j\1.2.0\opentest4j-1.2.0.jar;C:\Users\win\.m2\repository\org\junit\platform\junit-platform-commons\1.7.0\junit-platform-commons-1.7.0.jar;C:\Users\win\.m2\repository\org\junit\jupiter\junit-jupiter-engine\5.7.0\junit-jupiter-engine-5.7.0.jar;C:\Users\win\.m2\repository\org\junit\platform\junit-platform-engine\1.7.0\junit-platform-engine-1.7.0.jar;C:\Users\win\.m2\repository\org\junit\jupiter\junit-jupiter-params\5.7.0\junit-jupiter-params-5.7.0.jar;C:\Users\win\.m2\repository\io\netty\netty-build-common\30\netty-build-common-30.jar;C:\Users\win\.m2\repository\com\puppycrawl\tools\checkstyle\8.29\checkstyle-8.29.jar;C:\Users\win\.m2\repository\info\picocli\picocli\4.1.4\picocli-4.1.4.jar;C:\Users\win\.m2\repository\antlr\antlr\2.7.7\antlr-2.7.7.jar;C:\Users\win\.m2\repository\org\antlr\antlr4-runtime\4.8-1\antlr4-runtime-4.8-1.jar;C:\Users\win\.m2\repository\commons-beanutils\commons-beanutils\1.9.4\commons-beanutils-1.9.4.jar;C:\Users\win\.m2\repository\commons-collections\commons-collections\3.2.2\commons-collections-3.2.2.jar;C:\Users\win\.m2\repository\com\google\guava\guava\28.2-jre\guava-28.2-jre.jar;C:\Users\win\.m2\repository\com\google\guava\failureaccess\1.0.1\failureaccess-1.0.1.jar;C:\Users\win\.m2\repository\com\google\guava\listenablefuture\9999.0-empty-to-avoid-conflict-with-guava\listenablefuture-9999.0-empty-to-avoid-conflict-with-guava.jar;C:\Users\win\.m2\repository\com\google\code\findbugs\jsr305\3.0.2\jsr305-3.0.2.jar;C:\Users\win\.m2\repository\org\checkerframework\checker-qual\2.10.0\checker-qual-2.10.0.jar;C:\Users\win\.m2\repository\com\google\errorprone\error_prone_annotations\2.3.4\error_prone_annotations-2.3.4.jar;C:\Users\win\.m2\repository\com\google\j2objc\j2objc-annotations\1.3\j2objc-annotations-1.3.jar;C:\Users\win\.m2\repository\net\sf\saxon\Saxon-HE\9.9.1-6\Saxon-HE-9.9.1-6.jar;C:\Users\win\.m2\repository\junit\junit\4.13.1\junit-4.13.1.jar;C:\Users\win\.m2\repository\org\hamcrest\hamcrest-library\1.3\hamcrest-library-1.3.jar;C:\Users\win\.m2\repository\org\hamcrest\hamcrest-core\1.3\hamcrest-core-1.3.jar;C:\Users\win\.m2\repository\org\assertj\assertj-core\3.18.0\assertj-core-3.18.0.jar;C:\Users\win\.m2\repository\ch\qos\logback\logback-classic\1.2.3\logback-classic-1.2.3.jar;C:\Users\win\.m2\repository\ch\qos\logback\logback-core\1.2.3\logback-core-1.2.3.jar;"/>
    <property name="sun.cpu.endian" value="little"/>
    <property name="user.home" value="C:\Users\win"/>
    <property name="user.language" value="zh"/>
    <property name="java.specification.vendor" value="Oracle Corporation"/>
    <property name="java.home" value="C:\Java\jdk1.8.0_311\jre"/>
    <property name="basedir" value="E:\Z_relax\netty-research\common"/>
    <property name="file.separator" value="\"/>
    <property name="line.separator" value="&#10;"/>
    <property name="java.vm.specification.vendor" value="Oracle Corporation"/>
    <property name="java.specification.name" value="Java Platform API Specification"/>
    <property name="java.awt.graphicsenv" value="sun.awt.Win32GraphicsEnvironment"/>
    <property name="surefire.real.class.path" value="C:\Users\win\AppData\Local\Temp\surefire5287027818455114394\surefirebooter3078965617388962236.jar;C:\Users\win\.m2\repository/org/mortbay/jetty/alpn/jetty-alpn-agent/2.0.10/jetty-alpn-agent-2.0.10.jar"/>
    <property name="logback.configurationFile" value="E:\Z_relax\netty-research\common/../common/src/test/resources/logback-test.xml"/>
    <property name="sun.boot.class.path" value="C:\Java\jdk1.8.0_311\jre\lib\resources.jar;C:\Java\jdk1.8.0_311\jre\lib\rt.jar;C:\Java\jdk1.8.0_311\jre\lib\sunrsasign.jar;C:\Java\jdk1.8.0_311\jre\lib\jsse.jar;C:\Java\jdk1.8.0_311\jre\lib\jce.jar;C:\Java\jdk1.8.0_311\jre\lib\charsets.jar;C:\Java\jdk1.8.0_311\jre\lib\jfr.jar;C:\Java\jdk1.8.0_311\jre\classes"/>
    <property name="user.script" value=""/>
    <property name="sun.management.compiler" value="HotSpot 64-Bit Tiered Compilers"/>
    <property name="java.runtime.version" value="1.8.0_311-b11"/>
    <property name="user.name" value="win"/>
    <property name="path.separator" value=";"/>
    <property name="os.version" value="10.0"/>
    <property name="java.endorsed.dirs" value="C:\Java\jdk1.8.0_311\jre\lib\endorsed"/>
    <property name="java.runtime.name" value="Java(TM) SE Runtime Environment"/>
    <property name="file.encoding" value="GBK"/>
    <property name="logLevel" value="debug"/>
    <property name="java.vm.name" value="Java HotSpot(TM) 64-Bit Server VM"/>
    <property name="localRepository" value="C:\Users\win\.m2\repository"/>
    <property name="_" value=""/>
    <property name="java.vendor.url.bug" value="http://bugreport.sun.com/bugreport/"/>
    <property name="java.io.tmpdir" value="C:\Users\win\AppData\Local\Temp\"/>
    <property name="java.version" value="1.8.0_311"/>
    <property name="user.dir" value="E:\Z_relax\netty-research\common"/>
    <property name="os.arch" value="amd64"/>
    <property name="java.vm.specification.name" value="Java Virtual Machine Specification"/>
    <property name="java.awt.printerjob" value="sun.awt.windows.WPrinterJob"/>
    <property name="sun.os.patch.level" value=""/>
    <property name="java.library.path" value="C:\Java\jdk1.8.0_311\jre\bin;C:\Windows\Sun\Java\bin;C:\Windows\system32;C:\Windows;C:\Program Files\Microsoft\jdk-11.0.12.7-hotspot\bin;C:\Program Files (x86)\Common Files\Oracle\Java\javapath;C:\Windows\system32;C:\Windows;C:\Windows\System32\Wbem;C:\Windows\System32\WindowsPowerShell\v1.0\;C:\Windows\System32\OpenSSH\;D:\MySQL\bin;F:\Git\cmd;D:\server\maven\apache-maven-3.6.2\bin;C:\Java\jdk1.8.0_311\bin;C:\Java\jdk1.8.0_311\jre\bin;F:\node\;C:\Program Files\Microsoft SQL Server\130\Tools\Binn\;C:\Program Files\Microsoft SQL Server\150\Tools\Binn\;C:\Program Files\Microsoft SQL Server\Client SDK\ODBC\170\Tools\Binn\;C:\Program Files\dotnet\;C:\Program Files (x86)\dotnet\;D:\server\maven\apache-maven-3.5.2\bin;C:\Users\win\AppData\Local\Microsoft\WindowsApps;C:\Users\win\AppData\Local\GitHubDesktop\bin;C:\Users\win\AppData\Roaming\npm;C:\Users\win\AppData\Local\Programs\Microsoft VS Code\bin;C:\Users\win\AppData\Local\Pandoc\;C:\Users\win\.dotnet\tools;."/>
    <property name="java.vm.info" value="mixed mode"/>
    <property name="java.vendor" value="Oracle Corporation"/>
    <property name="java.vm.version" value="25.311-b11"/>
    <property name="java.ext.dirs" value="C:\Java\jdk1.8.0_311\jre\lib\ext;C:\Windows\Sun\Java\lib\ext"/>
    <property name="sun.io.unicode.encoding" value="UnicodeLittle"/>
    <property name="java.class.version" value="52.0"/>
  </properties>
  <testcase name="testErasure" classname="io.netty.util.internal.TypeParameterMatcherTest" time="0"/>
  <testcase name="testAnonymousClass" classname="io.netty.util.internal.TypeParameterMatcherTest" time="0"/>
  <testcase name="testUnsolvedParameter" classname="io.netty.util.internal.TypeParameterMatcherTest" time="0"/>
  <testcase name="testArrayAsTypeParam" classname="io.netty.util.internal.TypeParameterMatcherTest" time="0"/>
  <testcase name="testAbstractClass" classname="io.netty.util.internal.TypeParameterMatcherTest" time="0"/>
  <testcase name="testInnerClass" classname="io.netty.util.internal.TypeParameterMatcherTest" time="0"/>
  <testcase name="testConcreteClass" classname="io.netty.util.internal.TypeParameterMatcherTest" time="0"/>
  <testcase name="testRawType" classname="io.netty.util.internal.TypeParameterMatcherTest" time="0"/>
  <testcase name="testInaccessibleClass" classname="io.netty.util.internal.TypeParameterMatcherTest" time="0"/>
</testsuite>